/work/noaa/amb-verif
/work/noaa/ap-fc/
/work/noaa/chem-var
/work/noaa/co2
/work/noaa/comgsi
/work/noaa/dtc-hwrf
/work/noaa/gmtb
/work/noaa/gsd-fv3
/work/noaa/gsd-fv3-dev
/work/noaa/gsd-fv3-test
/work/noaa/gsd-hpcs
/work/noaa/hmtb
/work/noaa/noaa-det
/work/noaa/qosap
/work/noaa/rtrr
/work/noaa/rtruc
/work/noaa/ufs-phys
/work/noaa/wrf-chem
/work/noaa/wrfruc
/work/noaa/zrtrr
/work2/noaa/amb-verif
/work2/noaa/ap-fc/
/work2/noaa/chem-var
/work2/noaa/co2
/work2/noaa/comgsi
/work2/noaa/dtc-hwrf
/work2/noaa/gmtb
/work2/noaa/gsd-fv3
/work2/noaa/gsd-fv3-dev
/work2/noaa/gsd-fv3-test
/work2/noaa/gsd-hpcs
/work2/noaa/hmtb
/work2/noaa/noaa-det
/work2/noaa/qosap
/work2/noaa/rtrr
/work2/noaa/rtruc
/work2/noaa/ufs-phys
/work2/noaa/wrf-chem
/work2/noaa/wrfruc
/work2/noaa/zrtrr
